Arguments: 
  C:\Program Files\nodejs\node.exe C:\Program Files\nodejs\node_modules\yarn\bin\yarn.js init

PATH: 
  C:\Program Files\Java\jdk-11.0.15\bin;C:\Program Files\nodejs;C:\Program Files\nodejs\;C:\Windows\system32;C:\Windows\system32\msg.exe;C:\Windows;C:\Windows\System32\Wbem;C:\Windows\System32\WindowsPowerShell\v1.0\;C:\Windows\System32\OpenSSH\;C:\Program Files\Git\cmd;C:\Program Files\OpenSSL-Win64\bin;C:\Program Files\PuTTY\;C:\ProgramData\chocolatey\bin;C:\Users\Xurpas 10152021-08\AppData\Roaming\nvm;C:\Program Files\apache-maven-3.8.5\bin;C:\Users\Xurpas 10152021-08\.m2;C:\Program Files\MySQL\MySQL Shell 8.0\bin\;C:\Users\Xurpas 10152021-08\AppData\Local\Microsoft\WindowsApps;C:\Users\Xurpas 10152021-08\AppData\Local\Programs\Microsoft VS Code\bin;C:\Users\Xurpas 10152021-08\AppData\Roaming\nvm;C:\Program Files\nodejs;C:\Program Files\Java\jdk-11.0.15\bin;C:\Users\Xurpas 10152021-08\AppData\Roaming\npm

Yarn version: 
  1.22.19

Node version: 
  16.16.0

Platform: 
  win32 x64

Trace: 
  Error: canceled
      at Interface.<anonymous> (C:\Users\Xurpas 10152021-08\AppData\Roaming\nvm\v16.16.0\node_modules\yarn\lib\cli.js:137150:13)
      at Interface.emit (node:events:527:28)
      at Interface._ttyWrite (node:readline:1081:16)
      at ReadStream.onkeypress (node:readline:288:10)
      at ReadStream.emit (node:events:527:28)
      at emitKeys (node:internal/readline/utils:358:14)
      at emitKeys.next (<anonymous>)
      at ReadStream.onData (node:internal/readline/emitKeypressEvents:61:36)
      at ReadStream.emit (node:events:527:28)
      at addChunk (node:internal/streams/readable:315:12)

npm manifest: 
  No manifest

yarn manifest: 
  No manifest

Lockfile: 
  No lockfile
